\BOOKMARK [0][-]{chapter.1}{Introduction}{}% 1
\BOOKMARK [1][-]{section.1.1}{Motivation}{chapter.1}% 2
\BOOKMARK [1][-]{section.1.2}{Background - Literature Review}{chapter.1}% 3
\BOOKMARK [1][-]{section.1.3}{\(My\) Contributions}{chapter.1}% 4
\BOOKMARK [0][-]{chapter.2}{The Raspberry Pi}{}% 5
\BOOKMARK [1][-]{section.2.1}{Fundamentals}{chapter.2}% 6
\BOOKMARK [2][-]{subsection.2.1.1}{Blablabla}{section.2.1}% 7
\BOOKMARK [1][-]{section.2.2}{Architecture}{chapter.2}% 8
\BOOKMARK [1][-]{section.2.3}{Programming}{chapter.2}% 9
\BOOKMARK [2][-]{subsection.2.3.1}{Flowcharts}{section.2.3}% 10
\BOOKMARK [0][-]{chapter.3}{Electronic Testing}{}% 11
\BOOKMARK [1][-]{section.3.1}{Electrical Characteristics of the Raspberry Pi}{chapter.3}% 12
\BOOKMARK [2][-]{subsection.3.1.1}{Max Frequency}{section.3.1}% 13
\BOOKMARK [2][-]{subsection.3.1.2}{Impedance}{section.3.1}% 14
\BOOKMARK [1][-]{section.3.2}{Comparing Python and C}{chapter.3}% 15
\BOOKMARK [1][-]{section.3.3}{Characterising Components of the Test Bed}{chapter.3}% 16
\BOOKMARK [0][-]{chapter.4}{Communications Testing}{}% 17
\BOOKMARK [1][-]{section.4.1}{SNR for Different Modulation Schemes}{chapter.4}% 18
\BOOKMARK [1][-]{section.4.2}{Error Rate}{chapter.4}% 19
\BOOKMARK [1][-]{section.4.3}{Channel Coding}{chapter.4}% 20
\BOOKMARK [0][-]{chapter.5}{Conclusion}{}% 21
\BOOKMARK [0][-]{chapter*.11}{Bibliography}{}% 22
