\BOOKMARK [0][-]{chapter.1}{Introduction}{}% 1
\BOOKMARK [1][-]{section.1.1}{Motivation}{chapter.1}% 2
\BOOKMARK [1][-]{section.1.2}{Literature Review}{chapter.1}% 3
\BOOKMARK [1][-]{section.1.3}{Contributions}{chapter.1}% 4
\BOOKMARK [0][-]{chapter.2}{The Raspberry Pi and the Test Bed}{}% 5
\BOOKMARK [1][-]{section.2.1}{Raspberry Pi Fundamentals}{chapter.2}% 6
\BOOKMARK [2][-]{subsection.2.1.1}{Setting up the Raspberry Pi}{section.2.1}% 7
\BOOKMARK [1][-]{section.2.2}{Test Bed Architecture}{chapter.2}% 8
\BOOKMARK [2][-]{subsection.2.2.1}{Digital Analogue Converter}{section.2.2}% 9
\BOOKMARK [2][-]{subsection.2.2.2}{Analogue Digital Converter}{section.2.2}% 10
\BOOKMARK [2][-]{subsection.2.2.3}{Quadrature Pulse Generator}{section.2.2}% 11
\BOOKMARK [2][-]{subsection.2.2.4}{Multiplier}{section.2.2}% 12
\BOOKMARK [2][-]{subsection.2.2.5}{Parts Used}{section.2.2}% 13
\BOOKMARK [1][-]{section.2.3}{Programming}{chapter.2}% 14
\BOOKMARK [2][-]{subsection.2.3.1}{On-Off Keying}{section.2.3}% 15
\BOOKMARK [2][-]{subsection.2.3.2}{Advanced Modulation Schemes}{section.2.3}% 16
\BOOKMARK [0][-]{chapter.3}{Electronic Testing}{}% 17
\BOOKMARK [1][-]{section.3.1}{Electrical Characteristics of the Raspberry Pi}{chapter.3}% 18
\BOOKMARK [1][-]{section.3.2}{Computational Characteristics of the Raspberry Pi}{chapter.3}% 19
\BOOKMARK [2][-]{subsection.3.2.1}{Comparing Python and C}{section.3.2}% 20
\BOOKMARK [1][-]{section.3.3}{Characterising Components of the Test Bed}{chapter.3}% 21
\BOOKMARK [2][-]{subsection.3.3.1}{Digital Analogue Converter}{section.3.3}% 22
\BOOKMARK [2][-]{subsection.3.3.2}{Analogue Digital Converter}{section.3.3}% 23
\BOOKMARK [2][-]{subsection.3.3.3}{Quadrature Pulse Generator}{section.3.3}% 24
\BOOKMARK [2][-]{subsection.3.3.4}{Overdriving Component Clocks}{section.3.3}% 25
\BOOKMARK [0][-]{chapter.4}{Communications Testing}{}% 26
\BOOKMARK [1][-]{section.4.1}{Bit Error Rate}{chapter.4}% 27
\BOOKMARK [1][-]{section.4.2}{Signal to Noise Ratio}{chapter.4}% 28
\BOOKMARK [1][-]{section.4.3}{Channel Coding}{chapter.4}% 29
\BOOKMARK [0][-]{chapter.5}{Conclusion}{}% 30
\BOOKMARK [0][-]{chapter*.31}{Bibliography}{}% 31
\BOOKMARK [0][-]{section*.32}{Appendix Appendices}{}% 32
\BOOKMARK [0][-]{Appendix.1.A}{Appendix Risk Assessments}{}% 33
\BOOKMARK [1][-]{section.1.A.1}{General Risk Assessment}{Appendix.1.A}% 34
\BOOKMARK [1][-]{section.1.A.2}{Computer Risk Assessment}{Appendix.1.A}% 35
